<?xml version="1.0" encoding="UTF-8"?>
<testsuite name="com.oole.hw3.PropertiesUtilsTest" tests="1" skipped="0" failures="0" errors="0" timestamp="2017-11-14T04:10:34" hostname="LAPTOP-TCUJL0CN" time="0.0">
  <properties/>
  <testcase name="testSetProperty" classname="com.oole.hw3.PropertiesUtilsTest" time="0.0"/>
  <system-out><![CDATA[]]></system-out>
  <system-err><![CDATA[]]></system-err>
</testsuite>
