<?xml version="1.0" encoding="UTF-8"?>
<testsuite name="com.oole.hw3.CSVUtilsTest" tests="1" skipped="0" failures="0" errors="0" timestamp="2017-11-14T04:50:31" hostname="LAPTOP-TCUJL0CN" time="0.004">
  <properties/>
  <testcase name="testWriteLine" classname="com.oole.hw3.CSVUtilsTest" time="0.004"/>
  <system-out><![CDATA[]]></system-out>
  <system-err><![CDATA[]]></system-err>
</testsuite>
