<?xml version="1.0" encoding="UTF-8"?>
<testsuite name="com.oole.hw3.LauncherUtilsTest" tests="5" skipped="0" failures="0" errors="0" timestamp="2017-11-14T04:50:31" hostname="LAPTOP-TCUJL0CN" time="3.386">
  <properties/>
  <testcase name="testCompareTracesNull" classname="com.oole.hw3.LauncherUtilsTest" time="0.001"/>
  <testcase name="testCompareTracesUnEqual" classname="com.oole.hw3.LauncherUtilsTest" time="0.0"/>
  <testcase name="testGetClassNamesFromFileSystem" classname="com.oole.hw3.LauncherUtilsTest" time="0.013"/>
  <testcase name="testExecuteClassFromTestClass" classname="com.oole.hw3.LauncherUtilsTest" time="3.37"/>
  <testcase name="testCompareTracesEqual" classname="com.oole.hw3.LauncherUtilsTest" time="0.0"/>
  <system-out><![CDATA[Loading class: org.apache.commons.lang3.AnnotationUtils
Executing Test class: org.apache.commons.lang3.AnnotationUtilsTest
Creating instance for : org.apache.commons.lang3.AnnotationUtilsTest
Invoking test method: setup
Invoking test method: testGeneratedAnnotationEquivalentToRealAnnotation
Invoking test method: testAnnotationsOfDifferingTypes
Invoking test method: testIsValidAnnotationMemberType
Invoking test method: testSameInstance
Invoking test method: testHashCode
Invoking test method: testToString
Invoking test method: testOneArgNull
Invoking test method: testBothArgsNull
Invoking test method: testEquivalence
Invoking test method: testNonEquivalentAnnotationsOfSameType
Invoking test method: wait
Error while invoking the method: public final void java.lang.Object.wait() throws java.lang.InterruptedExceptionfrom class: org.apache.commons.lang3.AnnotationUtils
Invoking test method: wait
Error while invoking the method: public final void java.lang.Object.wait(long,int) throws java.lang.InterruptedExceptionfrom class: org.apache.commons.lang3.AnnotationUtils
Invoking test method: wait
Error while invoking the method: public final native void java.lang.Object.wait(long) throws java.lang.InterruptedExceptionfrom class: org.apache.commons.lang3.AnnotationUtils
Invoking test method: equals
Error while invoking the method: public boolean java.lang.Object.equals(java.lang.Object)from class: org.apache.commons.lang3.AnnotationUtils
Invoking test method: toString
Invoking test method: hashCode
Invoking test method: getClass
Invoking test method: notify
Error while invoking the method: public final native void java.lang.Object.notify()from class: org.apache.commons.lang3.AnnotationUtils
Invoking test method: notifyAll
Error while invoking the method: public final native void java.lang.Object.notifyAll()from class: org.apache.commons.lang3.AnnotationUtils
Done Executing Test class: org.apache.commons.lang3.AnnotationUtilsTest
]]></system-out>
  <system-err><![CDATA[]]></system-err>
</testsuite>
